<?xml version="1.0" encoding="UTF-8"?>
<!-- Generated by org.testng.reporters.JUnitReportReporter -->
<testsuite skipped="0" hostname="yuvaraj" name="MavenProject.zommaven.App" tests="1" failures="0" timestamp="04 Dec 2020 11:52:59 GMT" time="0.014" errors="0">
  <testcase name="main" time="0.014" classname="MavenProject.zommaven.App"/>
</testsuite> <!-- MavenProject.zommaven.App -->
