<?xml version="1.0" encoding="UTF-8"?>
<!-- Generated by org.testng.reporters.JUnitReportReporter -->
<testsuite hostname="yuvaraj" name="TestCases.TestLogin" tests="1" failures="0" timestamp="7 Dec 2020 16:58:43 GMT" time="34.557" errors="0">
  <testcase name="main" time="34.557" classname="TestCases.TestLogin"/>
</testsuite> <!-- TestCases.TestLogin -->
